<?xml version="1.0" encoding="UTF-8"?>
<testng-results skipped="0" failed="0" total="1" passed="1">
  <reporter-output>
  </reporter-output>
  <suite name="Amazon App ri=unning on Firefox Browser" duration-ms="20939" started-at="2015-08-23T16:26:11Z" finished-at="2015-08-23T16:26:32Z">
    <groups>
    </groups>
    <test name="Home Page" duration-ms="20939" started-at="2015-08-23T16:26:11Z" finished-at="2015-08-23T16:26:32Z">
      <class name="amazon.Retail">
        <test-method status="PASS" signature="setUp(java.lang.String)[pri:0, instance:amazon.Retail@3d8c7aca]" name="setUp" is-config="true" duration-ms="11114" started-at="2015-08-23T12:26:11Z" finished-at="2015-08-23T12:26:22Z">
          <params>
            <param index="0">
              <value>
                <![CDATA[http://www.amazon.com]]>
              </value>
            </param>
          </params>
          <reporter-output>
          </reporter-output>
        </test-method> <!-- setUp -->
        <test-method status="PASS" signature="home()[pri:0, instance:amazon.Retail@3d8c7aca]" name="home" duration-ms="8995" started-at="2015-08-23T12:26:22Z" finished-at="2015-08-23T12:26:31Z">
          <reporter-output>
          </reporter-output>
        </test-method> <!-- home -->
        <test-method status="PASS" signature="cleanUp()[pri:0, instance:amazon.Retail@3d8c7aca]" name="cleanUp" is-config="true" duration-ms="814" started-at="2015-08-23T12:26:31Z" finished-at="2015-08-23T12:26:32Z">
          <reporter-output>
          </reporter-output>
        </test-method> <!-- cleanUp -->
      </class> <!-- amazon.Retail -->
    </test> <!-- Home Page -->
  </suite> <!-- Amazon App ri=unning on Firefox Browser -->
</testng-results>
