<?xml version="1.0" encoding="UTF-8"?>
<testng-results skipped="0" failed="0" total="1" passed="1">
  <reporter-output>
  </reporter-output>
  <suite name="CNN App running on Firefox Browser" duration-ms="20507" started-at="2015-08-23T14:40:24Z" finished-at="2015-08-23T14:40:45Z">
    <groups>
    </groups>
    <test name="Home Page" duration-ms="20507" started-at="2015-08-23T14:40:24Z" finished-at="2015-08-23T14:40:45Z">
      <class name="home.HomePage">
        <test-method status="PASS" signature="setUp(java.lang.String)[pri:0, instance:home.HomePage@3796751b]" name="setUp" is-config="true" duration-ms="17405" started-at="2015-08-23T10:40:24Z" finished-at="2015-08-23T10:40:42Z">
          <params>
            <param index="0">
              <value>
                <![CDATA[http://www.cnn.com]]>
              </value>
            </param>
          </params>
          <reporter-output>
          </reporter-output>
        </test-method> <!-- setUp -->
        <test-method status="PASS" signature="navigateTabs()[pri:0, instance:home.HomePage@3796751b]" name="navigateTabs" duration-ms="950" started-at="2015-08-23T10:40:42Z" finished-at="2015-08-23T10:40:43Z">
          <reporter-output>
          </reporter-output>
        </test-method> <!-- navigateTabs -->
        <test-method status="PASS" signature="cleanUp()[pri:0, instance:home.HomePage@3796751b]" name="cleanUp" is-config="true" duration-ms="2135" started-at="2015-08-23T10:40:43Z" finished-at="2015-08-23T10:40:45Z">
          <reporter-output>
          </reporter-output>
        </test-method> <!-- cleanUp -->
      </class> <!-- home.HomePage -->
    </test> <!-- Home Page -->
  </suite> <!-- CNN App running on Firefox Browser -->
</testng-results>
